2025-02-06T02:27:43.567Z info: Server is running on port 3001
2025-02-06T02:27:52.261Z info: POST /posts
2025-02-06T02:28:54.116Z info: GET /posts
2025-02-06T02:29:49.002Z info: Server is running on port 3001
2025-02-06T02:29:56.943Z info: POST /posts
2025-02-06T02:31:04.762Z info: POST /posts
2025-02-06T02:31:21.281Z info: POST /posts
2025-02-06T02:32:18.763Z info: GET /posts
2025-02-06T02:32:38.722Z info: DELETE /posts/1
2025-02-06T02:32:51.799Z info: PUT /posts/1
2025-02-06T02:32:58.020Z info: POST /auth/login
2025-02-06T02:33:09.257Z info: POST /posts
2025-02-06T02:34:39.820Z info: POST /posts
2025-02-06T02:36:03.652Z info: Server is running on port 3001
2025-02-06T02:36:08.742Z info: POST /posts
2025-02-06T02:37:11.471Z info: Server is running on port 3001
2025-02-06T02:37:14.568Z info: POST /posts
2025-02-06T02:39:15.171Z info: Server is running on port 3001
2025-02-06T02:40:07.775Z info: Server is running on port 3001
2025-02-06T02:40:11.251Z info: POST /auth/login
2025-02-06T02:40:21.150Z info: POST /auth/login
2025-02-06T02:40:21.222Z info: GET /posts
2025-02-06T02:40:21.226Z info: GET /posts
2025-02-06T02:40:24.109Z info: GET /posts
2025-02-06T02:40:24.112Z info: GET /posts
2025-02-06T02:40:34.814Z info: GET /posts
2025-02-06T02:40:34.817Z info: GET /posts
2025-02-06T02:44:07.852Z info: POST /posts
2025-02-06T02:44:08.032Z info: GET /posts
2025-02-06T02:44:08.035Z info: GET /posts
2025-02-06T02:44:11.308Z info: GET /posts
2025-02-06T02:44:11.311Z info: GET /posts
2025-02-06T02:44:13.401Z info: GET /posts
2025-02-06T02:44:13.404Z info: GET /posts
2025-02-06T02:44:27.251Z info: GET /posts
2025-02-06T02:44:27.253Z info: GET /posts
2025-02-06T02:44:27.830Z info: GET /posts
2025-02-06T02:44:27.833Z info: GET /posts
2025-02-06T02:46:04.978Z info: GET /posts
2025-02-06T02:46:15.689Z info: GET /posts
2025-02-06T02:46:15.691Z info: GET /posts
2025-02-06T02:46:16.713Z info: GET /posts/3
2025-02-06T02:46:16.716Z info: GET /posts/3
2025-02-06T02:46:19.107Z info: GET /posts
2025-02-06T02:46:19.110Z info: GET /posts
2025-02-06T02:46:21.296Z info: GET /posts
2025-02-06T02:46:21.299Z info: GET /posts
2025-02-06T02:46:21.847Z info: GET /posts/4
2025-02-06T02:46:21.849Z info: GET /posts/4
2025-02-06T02:46:23.896Z info: GET /posts
2025-02-06T02:46:23.898Z info: GET /posts
2025-02-06T02:50:58.246Z info: GET /posts
2025-02-06T02:50:58.248Z info: GET /posts
2025-02-06T02:51:21.326Z info: Server is running on port 3001
2025-02-06T02:51:22.739Z info: GET /posts
2025-02-06T02:51:22.758Z info: GET /posts
2025-02-06T02:51:36.119Z info: GET /posts/3
2025-02-06T02:51:36.122Z info: GET /posts/3
2025-02-06T02:51:36.773Z info: GET /posts
2025-02-06T02:51:36.775Z info: GET /posts
2025-02-06T02:51:59.115Z info: GET /posts/4
2025-02-06T02:51:59.117Z info: GET /posts/4
2025-02-06T02:52:48.969Z info: GET /posts/4
2025-02-06T02:52:48.971Z info: GET /posts/4
2025-02-06T02:52:52.974Z info: GET /posts/4
2025-02-06T02:53:12.975Z info: GET /posts/4
2025-02-06T02:53:17.969Z info: GET /posts/4
2025-02-06T02:53:32.081Z info: GET /posts/4
2025-02-06T02:53:32.084Z info: GET /posts/4
2025-02-06T02:53:33.429Z info: GET /posts
2025-02-06T02:53:33.432Z info: GET /posts
2025-02-06T02:53:57.886Z info: GET /posts
2025-02-06T02:53:57.889Z info: GET /posts
2025-02-06T02:53:58.351Z info: GET /posts/4
2025-02-06T02:53:58.353Z info: GET /posts/4
2025-02-06T02:54:01.320Z info: GET /posts
2025-02-06T02:54:01.323Z info: GET /posts
2025-02-06T02:54:42.360Z info: GET /posts/4
2025-02-06T02:54:42.362Z info: GET /posts/4
2025-02-06T02:54:43.160Z info: PUT /posts/4
2025-02-06T02:55:29.974Z info: GET /posts/4
2025-02-06T02:55:33.971Z info: GET /posts/4
2025-02-06T02:55:51.967Z info: GET /posts/4
2025-02-06T02:55:54.962Z info: GET /posts/4
2025-02-06T02:55:56.966Z info: GET /posts/4
2025-02-06T02:55:58.961Z info: GET /posts/4
2025-02-06T02:56:03.976Z info: GET /posts/4
2025-02-06T02:56:19.509Z info: DELETE /posts/4
2025-02-06T02:56:19.525Z info: GET /posts
2025-02-06T02:56:19.527Z info: GET /posts
2025-02-06T02:56:45.218Z info: GET /posts/3
2025-02-06T02:56:45.220Z info: GET /posts/3
2025-02-06T02:56:48.319Z info: PUT /posts/3
2025-02-06T02:58:55.147Z info: GET /posts/3
2025-02-06T02:58:55.149Z info: GET /posts/3
2025-02-06T02:58:57.298Z info: GET /posts
2025-02-06T02:58:57.300Z info: GET /posts
2025-02-06T02:59:05.197Z info: POST /auth/login
2025-02-06T02:59:05.265Z info: GET /posts
2025-02-06T02:59:05.268Z info: GET /posts
2025-02-06T02:59:07.100Z info: GET /posts/3
2025-02-06T02:59:07.102Z info: GET /posts/3
2025-02-06T02:59:09.760Z info: GET /posts
2025-02-06T02:59:09.762Z info: GET /posts
2025-02-06T02:59:10.626Z info: GET /posts/3
2025-02-06T02:59:10.628Z info: GET /posts/3
2025-02-06T02:59:12.154Z info: GET /posts
2025-02-06T02:59:12.156Z info: GET /posts
2025-02-06T02:59:13.268Z info: GET /posts/3
2025-02-06T02:59:13.270Z info: GET /posts/3
2025-02-06T02:59:14.738Z info: DELETE /posts/3
2025-02-06T02:59:39.166Z info: GET /posts/3
2025-02-06T02:59:39.168Z info: GET /posts/3
2025-02-06T02:59:39.574Z info: GET /posts
2025-02-06T02:59:39.575Z info: GET /posts
2025-02-06T02:59:40.693Z info: GET /posts
2025-02-06T02:59:40.695Z info: GET /posts
2025-02-06T02:59:41.131Z info: GET /posts
2025-02-06T02:59:41.134Z info: GET /posts
2025-02-06T02:59:41.621Z info: GET /posts
2025-02-06T02:59:41.623Z info: GET /posts
2025-02-06T02:59:42.089Z info: GET /posts
2025-02-06T02:59:42.091Z info: GET /posts
2025-02-06T02:59:42.485Z info: GET /posts
2025-02-06T02:59:42.487Z info: GET /posts
2025-02-06T02:59:42.971Z info: GET /posts
2025-02-06T02:59:42.974Z info: GET /posts
2025-02-06T02:59:44.056Z info: GET /posts
2025-02-06T02:59:44.060Z info: GET /posts
2025-02-06T02:59:44.437Z info: GET /posts
2025-02-06T02:59:44.441Z info: GET /posts
2025-02-06T02:59:44.962Z info: GET /posts
2025-02-06T02:59:44.964Z info: GET /posts
2025-02-06T02:59:54.196Z info: GET /posts/3
2025-02-06T02:59:54.198Z info: GET /posts/3
2025-02-06T02:59:55.715Z info: GET /posts
2025-02-06T02:59:55.719Z info: GET /posts
2025-02-06T03:00:39.966Z info: GET /posts
2025-02-06T03:00:39.968Z info: GET /posts
2025-02-06T03:00:40.711Z info: GET /posts/3
2025-02-06T03:00:40.712Z info: GET /posts/3
2025-02-06T03:00:41.323Z info: GET /posts
2025-02-06T03:00:41.325Z info: GET /posts
2025-02-06T03:00:41.666Z info: GET /posts/3
2025-02-06T03:00:41.668Z info: GET /posts/3
2025-02-06T03:00:42.007Z info: GET /posts
2025-02-06T03:00:42.009Z info: GET /posts
2025-02-06T03:01:19.076Z info: POST /auth/login
2025-02-06T03:01:19.147Z info: GET /posts
2025-02-06T03:01:19.150Z info: GET /posts
2025-02-06T03:02:19.991Z info: GET /posts
2025-02-06T03:02:21.686Z info: GET /posts
2025-02-06T03:02:21.688Z info: GET /posts
2025-02-06T03:02:33.455Z info: GET /posts
2025-02-06T03:02:42.123Z info: POST /posts
2025-02-06T03:02:42.138Z info: GET /posts
2025-02-06T03:02:42.140Z info: GET /posts
2025-02-06T03:03:17.519Z info: GET /posts
2025-02-06T03:03:36.440Z info: GET /posts
2025-02-06T03:03:36.442Z info: GET /posts
2025-02-06T03:03:37.484Z info: GET /posts
2025-02-06T03:03:37.487Z info: GET /posts
2025-02-06T03:03:37.839Z info: GET /posts/5
2025-02-06T03:03:37.840Z info: GET /posts/5
2025-02-06T03:03:38.698Z info: GET /posts
2025-02-06T03:03:38.700Z info: GET /posts
2025-02-06T03:04:01.830Z info: GET /posts/3
2025-02-06T03:04:01.833Z info: GET /posts/3
2025-02-06T03:04:04.015Z info: DELETE /posts/3
2025-02-06T03:04:04.035Z info: GET /posts
2025-02-06T03:04:04.036Z info: GET /posts
2025-02-06T03:04:05.548Z info: GET /posts/5
2025-02-06T03:04:05.550Z info: GET /posts/5
2025-02-06T03:04:08.038Z info: DELETE /posts/5
2025-02-06T03:04:08.052Z info: GET /posts
2025-02-06T03:04:08.055Z info: GET /posts
2025-02-06T03:04:09.842Z info: GET /posts
2025-02-06T03:04:09.844Z info: GET /posts
2025-02-06T03:04:11.073Z info: GET /posts
2025-02-06T03:04:11.075Z info: GET /posts
2025-02-06T03:05:35.465Z info: GET /posts
2025-02-06T03:05:35.467Z info: GET /posts
2025-02-06T03:05:43.628Z info: POST /auth/login
2025-02-06T03:05:43.694Z info: GET /posts
2025-02-06T03:05:43.696Z info: GET /posts
2025-02-06T03:05:51.503Z info: POST /posts
2025-02-06T03:05:51.519Z info: GET /posts
2025-02-06T03:05:51.522Z info: GET /posts
2025-02-06T03:05:58.388Z info: POST /posts
2025-02-06T03:05:58.407Z info: GET /posts
2025-02-06T03:05:58.410Z info: GET /posts
2025-02-06T03:06:00.191Z info: GET /posts/7
2025-02-06T03:06:00.193Z info: GET /posts/7
2025-02-06T03:06:00.918Z info: GET /posts
2025-02-06T03:06:00.920Z info: GET /posts
2025-02-06T03:06:02.604Z info: GET /posts/7
2025-02-06T03:06:02.606Z info: GET /posts/7
2025-02-06T03:06:09.468Z info: PUT /posts/7
2025-02-06T03:06:10.858Z info: GET /posts
2025-02-06T03:06:10.860Z info: GET /posts
2025-02-06T03:06:20.568Z info: GET /posts/7
2025-02-06T03:06:20.571Z info: GET /posts/7
2025-02-06T03:06:21.467Z info: GET /posts
2025-02-06T03:06:21.470Z info: GET /posts
2025-02-06T03:06:21.753Z info: GET /posts/6
2025-02-06T03:06:21.756Z info: GET /posts/6
2025-02-06T03:06:22.244Z info: GET /posts
2025-02-06T03:06:22.247Z info: GET /posts
2025-02-06T03:06:28.865Z info: GET /posts
2025-02-06T03:06:28.867Z info: GET /posts
2025-02-06T03:06:32.371Z info: GET /posts/7
2025-02-06T03:06:32.374Z info: GET /posts/7
2025-02-06T03:07:23.101Z info: GET /posts/7
2025-02-06T03:07:23.103Z info: GET /posts/7
2025-02-06T03:07:23.866Z info: GET /posts
2025-02-06T03:07:23.869Z info: GET /posts
2025-02-06T03:07:25.076Z info: GET /posts
2025-02-06T03:07:25.078Z info: GET /posts
2025-02-06T03:07:26.321Z info: GET /posts
2025-02-06T03:07:26.323Z info: GET /posts
2025-02-06T04:31:44.354Z info: GET /posts
2025-02-06T04:31:44.356Z info: GET /posts
2025-02-06T04:31:45.459Z info: GET /posts
2025-02-06T04:31:45.462Z info: GET /posts
2025-02-06T04:31:47.544Z info: GET /posts
2025-02-06T04:31:47.546Z info: GET /posts
2025-02-06T04:35:47.677Z info: GET /posts/6
2025-02-06T04:35:47.678Z info: GET /posts/6
2025-02-06T04:35:50.387Z info: GET /posts
2025-02-06T04:35:50.390Z info: GET /posts
2025-02-06T04:35:51.502Z info: GET /posts/7
2025-02-06T04:35:51.504Z info: GET /posts/7
2025-02-06T04:35:51.964Z info: GET /posts
2025-02-06T04:35:51.966Z info: GET /posts
2025-02-06T04:35:54.108Z info: GET /posts/7
2025-02-06T04:35:54.110Z info: GET /posts/7
2025-02-06T04:35:55.350Z info: DELETE /posts/7
2025-02-06T04:36:14.010Z info: GET /posts
2025-02-06T04:36:18.101Z info: GET /posts/7
2025-02-06T04:36:18.103Z info: GET /posts/7
2025-02-06T04:36:20.104Z info: DELETE /posts/7
2025-02-06T04:36:34.566Z info: DELETE /posts/7
2025-02-06T04:36:40.341Z info: POST /auth/login
2025-02-06T04:36:55.679Z info: DELETE /posts/7
2025-02-06T04:36:57.556Z info: GET /posts/7
2025-02-06T04:36:57.558Z info: GET /posts/7
2025-02-06T04:36:58.641Z info: GET /posts
2025-02-06T04:36:58.644Z info: GET /posts
2025-02-06T04:36:59.713Z info: GET /posts
2025-02-06T04:36:59.716Z info: GET /posts
2025-02-06T04:37:00.423Z info: GET /posts
2025-02-06T04:37:00.426Z info: GET /posts
2025-02-06T04:37:16.203Z info: GET /posts
2025-02-06T04:37:19.240Z info: GET /posts/6
2025-02-06T04:37:19.242Z info: GET /posts/6
2025-02-06T04:37:20.606Z info: DELETE /posts/6
2025-02-06T04:37:20.613Z info: PATCH /auth/refersh-token
2025-02-06T04:37:48.971Z info: GET /posts/6
2025-02-06T04:38:03.976Z info: GET /posts/6
2025-02-06T04:38:04.966Z info: GET /posts/6
2025-02-06T04:38:08.251Z info: GET /posts
2025-02-06T04:38:08.254Z info: GET /posts
2025-02-06T04:38:15.749Z info: GET /posts
2025-02-06T04:38:15.751Z info: GET /posts
2025-02-06T04:38:17.873Z info: GET /posts/6
2025-02-06T04:38:17.875Z info: GET /posts/6
2025-02-06T04:38:25.616Z info: DELETE /posts/6
2025-02-06T04:38:25.622Z info: POST /auth/refersh-token
2025-02-06T04:38:55.976Z info: GET /posts/6
2025-02-06T04:39:54.207Z info: PUT /posts/6
2025-02-06T04:39:54.213Z info: POST /auth/refresh-token
2025-02-06T04:39:54.220Z info: PUT /posts/6
2025-02-06T04:39:58.393Z info: DELETE /posts/6
2025-02-06T04:39:58.409Z info: GET /posts
2025-02-06T04:39:58.411Z info: GET /posts
2025-02-06T04:40:00.898Z info: GET /posts
2025-02-06T04:40:00.901Z info: GET /posts
2025-02-06T04:40:09.074Z info: GET /posts
2025-02-06T04:40:09.076Z info: GET /posts
2025-02-06T04:41:14.975Z info: GET /posts
2025-02-06T04:56:56.144Z info: Server is running on port 3001
2025-02-06T04:56:57.459Z info: POST /posts
2025-02-06T04:56:57.490Z info: GET /posts
2025-02-06T04:56:57.496Z info: GET /posts
2025-02-06T04:58:37.819Z info: POST /posts
2025-02-06T04:58:37.833Z info: GET /posts
2025-02-06T04:58:37.837Z info: GET /posts
2025-02-06T04:58:48.982Z info: GET /posts/9
2025-02-06T04:58:48.986Z info: GET /posts/9
2025-02-06T04:58:50.445Z info: DELETE /posts/9
2025-02-06T04:58:50.461Z info: GET /posts
2025-02-06T04:58:50.463Z info: GET /posts
2025-02-06T05:00:16.974Z info: GET /posts
2025-02-06T05:00:16.975Z info: GET /posts
2025-02-06T05:00:22.279Z info: POST /posts
2025-02-06T05:00:22.293Z info: GET /posts
2025-02-06T05:00:22.295Z info: GET /posts
2025-02-06T05:00:25.012Z info: DELETE /posts/10
2025-02-06T05:00:25.024Z info: GET /posts
2025-02-06T05:00:25.026Z info: GET /posts
2025-02-06T05:00:30.365Z info: POST /posts
2025-02-06T05:00:30.380Z info: GET /posts
2025-02-06T05:00:30.382Z info: GET /posts
2025-02-06T05:00:41.973Z info: GET /posts/11
2025-02-06T05:00:44.175Z info: GET /posts/11
2025-02-06T05:00:44.177Z info: GET /posts/11
2025-02-06T05:00:45.891Z info: DELETE /posts/11
2025-02-06T05:00:45.909Z info: GET /posts
2025-02-06T05:00:45.911Z info: GET /posts
2025-02-06T05:01:49.976Z info: GET /posts
2025-02-06T05:01:51.981Z info: GET /posts
2025-02-06T05:02:00.788Z info: GET /posts
2025-02-06T05:02:00.790Z info: GET /posts
2025-02-06T05:02:01.349Z info: GET /posts/8
2025-02-06T05:02:01.352Z info: GET /posts/8
2025-02-06T05:02:02.136Z info: GET /posts
2025-02-06T05:02:02.138Z info: GET /posts
2025-02-06T05:02:05.590Z info: POST /posts
2025-02-06T05:02:05.603Z info: GET /posts
2025-02-06T05:02:05.606Z info: GET /posts
2025-02-06T05:02:06.992Z info: GET /posts/12
2025-02-06T05:02:06.994Z info: GET /posts/12
2025-02-06T05:02:08.484Z info: DELETE /posts/12
2025-02-06T05:02:08.496Z info: GET /posts
2025-02-06T05:02:08.498Z info: GET /posts
2025-02-06T05:10:59.331Z info: GET /posts
2025-02-06T05:10:59.332Z info: GET /posts
2025-02-06T05:11:28.287Z info: POST /posts/1/comments
2025-02-06T05:11:46.826Z info: POST /posts/8/comments
2025-02-06T05:12:40.681Z info: Server is running on port 3001
2025-02-06T05:12:42.197Z info: POST /posts/8/comments
2025-02-06T05:12:49.879Z info: GET /posts/8
2025-02-06T05:12:49.901Z info: GET /posts/8
2025-02-06T05:12:55.506Z info: PUT /posts/8
2025-02-06T05:12:55.512Z info: POST /auth/refresh-token
2025-02-06T05:12:55.519Z info: PUT /posts/8
2025-02-06T05:13:02.765Z info: POST /posts/8/comments
2025-02-06T05:13:14.421Z info: GET /posts/8/comments
2025-02-06T05:13:27.560Z info: POST /posts/1/comments
2025-02-06T05:15:19.968Z info: GET /posts/8
2025-02-06T05:15:19.970Z info: GET /posts/8
2025-02-06T05:15:19.974Z info: GET /posts/8
2025-02-06T05:15:19.977Z info: GET /posts/8/comments
2025-02-06T05:15:19.978Z info: GET /posts/8
2025-02-06T05:15:19.983Z info: GET /posts/8/comments
2025-02-06T05:15:21.969Z info: GET /posts/8
2025-02-06T05:15:21.971Z info: GET /posts/8
2025-02-06T05:15:21.974Z info: GET /posts/8/comments
2025-02-06T05:15:41.981Z info: GET /posts/8
2025-02-06T05:15:41.984Z info: GET /posts/8
2025-02-06T05:15:41.987Z info: GET /posts/8
2025-02-06T05:15:41.989Z info: GET /posts/8/comments
2025-02-06T05:15:41.990Z info: GET /posts/8
2025-02-06T05:15:41.992Z info: GET /posts/8/comments
2025-02-06T05:15:47.154Z info: GET /posts/8
2025-02-06T05:15:47.156Z info: GET /posts/8
2025-02-06T05:15:47.158Z info: GET /posts/8
2025-02-06T05:15:47.160Z info: GET /posts/8/comments
2025-02-06T05:15:47.161Z info: GET /posts/8
2025-02-06T05:15:47.166Z info: GET /posts/8/comments
2025-02-06T05:16:16.109Z info: GET /posts/8
2025-02-06T05:16:16.112Z info: GET /posts/8
2025-02-06T05:16:16.114Z info: GET /posts/8
2025-02-06T05:16:16.117Z info: GET /posts/8
2025-02-06T05:16:16.118Z info: GET /posts/8/comments
2025-02-06T05:16:16.121Z info: GET /posts/8/comments
2025-02-06T05:16:22.972Z info: GET /posts/8
2025-02-06T05:16:22.974Z info: GET /posts/8
2025-02-06T05:16:22.976Z info: GET /posts/8
2025-02-06T05:16:22.979Z info: GET /posts/8
2025-02-06T05:16:22.983Z info: GET /posts/8/comments
2025-02-06T05:16:22.985Z info: GET /posts/8/comments
2025-02-06T05:16:37.942Z info: GET /posts/8
2025-02-06T05:16:37.945Z info: GET /posts/8
2025-02-06T05:16:37.948Z info: GET /posts/8
2025-02-06T05:16:37.953Z info: GET /posts/8/comments
2025-02-06T05:16:37.954Z info: GET /posts/8
2025-02-06T05:16:37.958Z info: GET /posts/8/comments
2025-02-06T05:16:46.738Z info: GET /posts/8
2025-02-06T05:16:46.739Z info: GET /posts/8
2025-02-06T05:16:46.742Z info: GET /posts/8/comments
2025-02-06T05:16:55.714Z info: GET /posts/8
2025-02-06T05:16:55.717Z info: GET /posts/8
2025-02-06T05:16:55.721Z info: GET /posts/8/comments
2025-02-06T05:16:58.006Z info: GET /posts/8
2025-02-06T05:16:58.008Z info: GET /posts/8
2025-02-06T05:16:58.011Z info: GET /posts/8/comments
2025-02-06T05:17:18.840Z info: PUT /posts/8
2025-02-06T05:18:28.977Z info: GET /posts/8
2025-02-06T05:18:28.978Z info: GET /posts/8
2025-02-06T05:18:28.982Z info: GET /posts/8/comments
2025-02-06T05:18:28.985Z info: GET /posts/8/comments
2025-02-06T05:18:31.981Z info: GET /posts/8
2025-02-06T05:18:31.983Z info: GET /posts/8
2025-02-06T05:18:31.986Z info: GET /posts/8/comments
2025-02-06T05:18:31.994Z info: GET /posts/8/comments
2025-02-06T05:18:35.391Z info: GET /posts/8
2025-02-06T05:18:44.135Z info: GET /posts/8
2025-02-06T05:18:44.140Z info: GET /posts/8/comments
2025-02-06T05:18:44.630Z info: GET /posts/8
2025-02-06T05:18:44.634Z info: GET /posts/8/comments
2025-02-06T05:18:45.713Z info: GET /posts/8
2025-02-06T05:18:45.716Z info: GET /posts/8
2025-02-06T05:18:45.719Z info: GET /posts/8/comments
2025-02-06T05:18:45.723Z info: GET /posts/8/comments
2025-02-06T05:18:48.685Z info: GET /posts/8
2025-02-06T05:18:52.489Z info: POST /posts/8/comments
2025-02-06T05:18:55.077Z info: GET /posts/8
2025-02-06T05:18:55.078Z info: GET /posts/8
2025-02-06T05:18:55.084Z info: GET /posts/8/comments
2025-02-06T05:18:55.087Z info: GET /posts/8/comments
2025-02-06T05:19:26.439Z info: POST /posts/8/comments
2025-02-06T05:19:29.130Z info: GET /posts/8
2025-02-06T05:19:29.132Z info: GET /posts/8
2025-02-06T05:19:29.134Z info: GET /posts/8/comments
2025-02-06T05:19:29.144Z info: GET /posts/8/comments
2025-02-06T05:19:37.699Z info: GET /posts/8
2025-02-06T05:19:37.702Z info: GET /posts/8
2025-02-06T05:19:37.710Z info: GET /posts/8/comments
2025-02-06T05:19:37.712Z info: GET /posts/8/comments
2025-02-06T05:19:38.845Z info: POST /posts/8/comments
2025-02-06T05:19:38.902Z info: GET /posts/8
2025-02-06T05:19:38.904Z info: GET /posts/8
2025-02-06T05:19:38.909Z info: GET /posts/8/comments
2025-02-06T05:19:38.911Z info: GET /posts/8/comments
2025-02-06T05:20:40.679Z info: GET /posts
2025-02-06T05:20:40.681Z info: GET /posts
2025-02-06T05:20:58.309Z info: GET /posts
2025-02-06T05:21:46.333Z info: Server is running on port 3001
2025-02-06T05:21:48.852Z info: GET /posts
2025-02-06T05:21:48.875Z info: GET /posts
2025-02-06T05:21:49.983Z info: GET /posts/8
2025-02-06T05:21:49.988Z info: GET /posts/8
2025-02-06T05:21:49.992Z info: GET /posts/8/comments
2025-02-06T05:21:49.995Z info: GET /posts/8/comments
2025-02-06T05:21:51.165Z info: GET /posts
2025-02-06T05:21:51.168Z info: GET /posts
2025-02-06T05:22:12.868Z info: GET /posts
2025-02-06T05:22:15.451Z info: GET /posts
2025-02-06T05:22:16.942Z info: GET /posts
2025-02-06T05:22:16.945Z info: GET /posts
2025-02-06T05:22:28.161Z info: GET /posts
2025-02-06T05:22:31.620Z info: GET /posts/8
2025-02-06T05:22:31.622Z info: GET /posts/8
2025-02-06T05:22:31.627Z info: GET /posts/8/comments
2025-02-06T05:22:31.630Z info: GET /posts/8/comments
2025-02-06T05:22:34.543Z info: POST /posts/8/comments
2025-02-06T05:22:34.598Z info: GET /posts/8
2025-02-06T05:22:34.600Z info: GET /posts/8
2025-02-06T05:22:34.610Z info: GET /posts/8/comments
2025-02-06T05:22:34.613Z info: GET /posts/8/comments
2025-02-06T05:22:37.454Z info: GET /posts
2025-02-06T05:22:37.456Z info: GET /posts
2025-02-06T05:23:30.490Z info: GET /posts/8
2025-02-06T05:23:30.492Z info: GET /posts/8
2025-02-06T05:23:30.497Z info: GET /posts/8/comments
2025-02-06T05:23:30.499Z info: GET /posts/8/comments
2025-02-06T05:23:39.049Z info: POST /posts/8/comments
2025-02-06T05:23:39.115Z info: GET /posts/8
2025-02-06T05:23:39.117Z info: GET /posts/8
2025-02-06T05:23:39.126Z info: GET /posts/8/comments
2025-02-06T05:23:39.129Z info: GET /posts/8/comments
2025-02-06T05:23:53.595Z info: DELETE /posts/8
